Performing C SOURCE FILE Test CMAKE_HAVE_LIBC_PTHREAD failed with the following output:
Change Dir: /home/csc4005/Desktop/a2/csc4005-imgui_mpi/build/CMakeFiles/CMakeTmp

Run Build Command(s):/usr/bin/gmake -f Makefile cmTC_3b672/fast && /usr/bin/gmake  -f CMakeFiles/cmTC_3b672.dir/build.make CMakeFiles/cmTC_3b672.dir/build
gmake[1]: Entering directory `/home/csc4005/Desktop/a2/csc4005-imgui_mpi/build/CMakeFiles/CMakeTmp'
Building C object CMakeFiles/cmTC_3b672.dir/src.c.o
/opt/llvm/bin/clang -DCMAKE_HAVE_LIBC_PTHREAD   -MD -MT CMakeFiles/cmTC_3b672.dir/src.c.o -MF CMakeFiles/cmTC_3b672.dir/src.c.o.d -o CMakeFiles/cmTC_3b672.dir/src.c.o -c /home/csc4005/Desktop/a2/csc4005-imgui_mpi/build/CMakeFiles/CMakeTmp/src.c
Linking C executable cmTC_3b672
/opt/cmake/bin/cmake -E cmake_link_script CMakeFiles/cmTC_3b672.dir/link.txt --verbose=1
/opt/llvm/bin/clang -rdynamic CMakeFiles/cmTC_3b672.dir/src.c.o -o cmTC_3b672 
ld.lld: error: undefined symbol: pthread_create
>>> referenced by src.c
>>>               CMakeFiles/cmTC_3b672.dir/src.c.o:(main)

ld.lld: error: undefined symbol: pthread_detach
>>> referenced by src.c
>>>               CMakeFiles/cmTC_3b672.dir/src.c.o:(main)

ld.lld: error: undefined symbol: pthread_cancel
>>> referenced by src.c
>>>               CMakeFiles/cmTC_3b672.dir/src.c.o:(main)

ld.lld: error: undefined symbol: pthread_join
>>> referenced by src.c
>>>               CMakeFiles/cmTC_3b672.dir/src.c.o:(main)

ld.lld: error: undefined symbol: pthread_atfork
>>> referenced by src.c
>>>               CMakeFiles/cmTC_3b672.dir/src.c.o:(main)
clang-12: error: linker command failed with exit code 1 (use -v to see invocation)
gmake[1]: *** [cmTC_3b672] Error 1
gmake[1]: Leaving directory `/home/csc4005/Desktop/a2/csc4005-imgui_mpi/build/CMakeFiles/CMakeTmp'
gmake: *** [cmTC_3b672/fast] Error 2


Source file was:
#include <pthread.h>

static void* test_func(void* data)
{
  return data;
}

int main(void)
{
  pthread_t thread;
  pthread_create(&thread, NULL, test_func, NULL);
  pthread_detach(thread);
  pthread_cancel(thread);
  pthread_join(thread, NULL);
  pthread_atfork(NULL, NULL, NULL);
  pthread_exit(NULL);

  return 0;
}

Determining if the function pthread_create exists in the pthreads failed with the following output:
Change Dir: /home/csc4005/Desktop/a2/csc4005-imgui_mpi/build/CMakeFiles/CMakeTmp

Run Build Command(s):/usr/bin/gmake -f Makefile cmTC_c8533/fast && /usr/bin/gmake  -f CMakeFiles/cmTC_c8533.dir/build.make CMakeFiles/cmTC_c8533.dir/build
gmake[1]: Entering directory `/home/csc4005/Desktop/a2/csc4005-imgui_mpi/build/CMakeFiles/CMakeTmp'
Building C object CMakeFiles/cmTC_c8533.dir/CheckFunctionExists.c.o
/opt/llvm/bin/clang   -DCHECK_FUNCTION_EXISTS=pthread_create -MD -MT CMakeFiles/cmTC_c8533.dir/CheckFunctionExists.c.o -MF CMakeFiles/cmTC_c8533.dir/CheckFunctionExists.c.o.d -o CMakeFiles/cmTC_c8533.dir/CheckFunctionExists.c.o -c /opt/cmake/share/cmake-3.21/Modules/CheckFunctionExists.c
Linking C executable cmTC_c8533
/opt/cmake/bin/cmake -E cmake_link_script CMakeFiles/cmTC_c8533.dir/link.txt --verbose=1
/opt/llvm/bin/clang  -DCHECK_FUNCTION_EXISTS=pthread_create -rdynamic CMakeFiles/cmTC_c8533.dir/CheckFunctionExists.c.o -o cmTC_c8533  -lpthreads 
ld.lld: error: unable to find library -lpthreads
clang-12: error: linker command failed with exit code 1 (use -v to see invocation)
gmake[1]: *** [cmTC_c8533] Error 1
gmake[1]: Leaving directory `/home/csc4005/Desktop/a2/csc4005-imgui_mpi/build/CMakeFiles/CMakeTmp'
gmake: *** [cmTC_c8533/fast] Error 2



